nohup: ignoring input

  .   ____          _            __ _ _
 /\\ / ___'_ __ _ _(_)_ __  __ _ \ \ \ \
( ( )\___ | '_ | '_| | '_ \/ _` | \ \ \ \
 \\/  ___)| |_)| | | | | || (_| |  ) ) ) )
  '  |____| .__|_| |_|_| |_\__, | / / / /
 =========|_|==============|___/=/_/_/_/

 :: Spring Boot ::                (v4.0.1)

2026-02-06T11:00:20.600Z  INFO 116302 --- [FallApp] [           main] com.fallapp.FallappApplication           : Starting FallappApplication v0.0.1-SNAPSHOT using Java 21.0.10 with PID 116302 (/srv/FallApp/01.backend/target/Fallapp-0.0.1-SNAPSHOT.jar started by ubuntu in /srv/FallApp/01.backend)
2026-02-06T11:00:20.620Z DEBUG 116302 --- [FallApp] [           main] com.fallapp.FallappApplication           : Running with Spring Boot v4.0.1, Spring v7.0.2
2026-02-06T11:00:20.623Z  INFO 116302 --- [FallApp] [           main] com.fallapp.FallappApplication           : No active profile set, falling back to 1 default profile: "default"
2026-02-06T11:00:26.050Z  INFO 116302 --- [FallApp] [           main] .s.d.r.c.RepositoryConfigurationDelegate : Bootstrapping Spring Data JPA repositories in DEFAULT mode.
2026-02-06T11:00:26.468Z  INFO 116302 --- [FallApp] [           main] .s.d.r.c.RepositoryConfigurationDelegate : Finished Spring Data repository scanning in 357 ms. Found 6 JPA repository interfaces.
2026-02-06T11:00:31.877Z  INFO 116302 --- [FallApp] [           main] o.s.boot.tomcat.TomcatWebServer          : Tomcat initialized with port 8080 (http)
2026-02-06T11:00:31.950Z  INFO 116302 --- [FallApp] [           main] o.apache.catalina.core.StandardService   : Starting service [Tomcat]
2026-02-06T11:00:31.952Z  INFO 116302 --- [FallApp] [           main] o.apache.catalina.core.StandardEngine    : Starting Servlet engine: [Apache Tomcat/11.0.15]
2026-02-06T11:00:32.465Z  INFO 116302 --- [FallApp] [           main] b.w.c.s.WebApplicationContextInitializer : Root WebApplicationContext: initialization completed in 11505 ms
2026-02-06T11:00:33.293Z  INFO 116302 --- [FallApp] [           main] org.hibernate.orm.jpa                    : HHH008540: Processing PersistenceUnitInfo [name: default]
2026-02-06T11:00:33.584Z  INFO 116302 --- [FallApp] [           main] org.hibernate.orm.core                   : HHH000001: Hibernate ORM core version 7.2.0.Final
2026-02-06T11:00:36.312Z  INFO 116302 --- [FallApp] [           main] o.s.o.j.p.SpringPersistenceUnitInfo      : No LoadTimeWeaver setup: ignoring JPA class transformer
2026-02-06T11:00:36.485Z  INFO 116302 --- [FallApp] [           main] com.zaxxer.hikari.HikariDataSource       : HikariPool-1 - Starting...
2026-02-06T11:00:37.402Z  INFO 116302 --- [FallApp] [           main] com.zaxxer.hikari.pool.HikariPool        : HikariPool-1 - Added connection org.postgresql.jdbc.PgConnection@6a0c7af6
2026-02-06T11:00:37.411Z  INFO 116302 --- [FallApp] [           main] com.zaxxer.hikari.HikariDataSource       : HikariPool-1 - Start completed.
2026-02-06T11:00:37.589Z  WARN 116302 --- [FallApp] [           main] org.hibernate.orm.deprecation            : HHH90000025: PostgreSQLDialect does not need to be specified explicitly using 'hibernate.dialect' (remove the property setting and it will be selected by default)
2026-02-06T11:00:37.720Z  INFO 116302 --- [FallApp] [           main] org.hibernate.orm.connections.pooling    : HHH10001005: Database info:
	Database JDBC URL [jdbc:postgresql://localhost:5432/fallapp]
	Database driver: PostgreSQL JDBC Driver
	Database dialect: PostgreSQLDialect
	Database version: 13.23
	Default catalog/schema: fallapp/public
	Autocommit mode: undefined/unknown
	Isolation level: READ_COMMITTED [default READ_COMMITTED]
	JDBC fetch size: none
	Pool: DataSourceConnectionProvider
	Minimum pool size: undefined/unknown
	Maximum pool size: undefined/unknown
2026-02-06T11:00:43.091Z  INFO 116302 --- [FallApp] [           main] org.hibernate.orm.core                   : HHH000489: No JTA platform available (set 'hibernate.transaction.jta.platform' to enable JTA platform integration)
2026-02-06T11:00:43.108Z  INFO 116302 --- [FallApp] [           main] j.LocalContainerEntityManagerFactoryBean : Initialized JPA EntityManagerFactory for persistence unit 'default'
2026-02-06T11:00:43.287Z  INFO 116302 --- [FallApp] [           main] o.s.d.j.r.query.QueryEnhancerFactories   : Hibernate is in classpath; If applicable, HQL parser will be used.
2026-02-06T11:00:45.291Z DEBUG 116302 --- [FallApp] [           main] c.f.security.JwtAuthenticationFilter     : Filter 'jwtAuthenticationFilter' configured for use
2026-02-06T11:00:45.508Z  INFO 116302 --- [FallApp] [           main] eAuthenticationProviderManagerConfigurer : Global AuthenticationManager configured with AuthenticationProvider bean with name authenticationProvider
2026-02-06T11:00:45.512Z  WARN 116302 --- [FallApp] [           main] r$InitializeUserDetailsManagerConfigurer : Global AuthenticationManager configured with an AuthenticationProvider bean. UserDetailsService beans will not be used by Spring Security for automatically configuring username/password login. Consider removing the AuthenticationProvider bean. Alternatively, consider using the UserDetailsService in a manually instantiated DaoAuthenticationProvider. If the current configuration is intentional, to turn off this warning, increase the logging level of 'org.springframework.security.config.annotation.authentication.configuration.InitializeUserDetailsBeanManagerConfigurer' to ERROR
2026-02-06T11:00:47.106Z  WARN 116302 --- [FallApp] [           main] JpaBaseConfiguration$JpaWebConfiguration : spring.jpa.open-in-view is enabled by default. Therefore, database queries may be performed during view rendering. Explicitly configure spring.jpa.open-in-view to disable this warning
2026-02-06T11:00:48.768Z  INFO 116302 --- [FallApp] [           main] o.s.b.w.a.WelcomePageHandlerMapping      : Adding welcome page: class path resource [static/index.html]
2026-02-06T11:00:49.351Z DEBUG 116302 --- [FallApp] [           main] s.w.s.m.m.a.RequestMappingHandlerMapping : 50 mappings in 'requestMappingHandlerMapping'
2026-02-06T11:00:49.537Z DEBUG 116302 --- [FallApp] [           main] o.s.w.s.handler.SimpleUrlHandlerMapping  : Patterns [/webjars/**, /**, /swagger-ui*/*swagger-initializer.js, /swagger-ui*/**] in 'resourceHandlerMapping'
2026-02-06T11:00:49.757Z DEBUG 116302 --- [FallApp] [           main] s.w.s.m.m.a.RequestMappingHandlerAdapter : ControllerAdvice beans: 0 @ModelAttribute, 0 @InitBinder, 1 RequestBodyAdvice, 1 ResponseBodyAdvice
2026-02-06T11:00:50.023Z DEBUG 116302 --- [FallApp] [           main] .m.m.a.ExceptionHandlerExceptionResolver : ControllerAdvice beans: 2 @ExceptionHandler, 1 ResponseBodyAdvice
2026-02-06T11:00:50.422Z  WARN 116302 --- [FallApp] [           main] ConfigServletWebServerApplicationContext : Exception encountered during context initialization - cancelling refresh attempt: org.springframework.context.ApplicationContextException: Failed to start bean 'webServerStartStop'
2026-02-06T11:00:50.432Z  INFO 116302 --- [FallApp] [           main] j.LocalContainerEntityManagerFactoryBean : Closing JPA EntityManagerFactory for persistence unit 'default'
2026-02-06T11:00:50.438Z  INFO 116302 --- [FallApp] [           main] com.zaxxer.hikari.HikariDataSource       : HikariPool-1 - Shutdown initiated...
2026-02-06T11:00:50.444Z  INFO 116302 --- [FallApp] [           main] com.zaxxer.hikari.HikariDataSource       : HikariPool-1 - Shutdown completed.
2026-02-06T11:00:50.488Z  INFO 116302 --- [FallApp] [           main] .s.b.a.l.ConditionEvaluationReportLogger : 

Error starting ApplicationContext. To display the condition evaluation report re-run your application with 'debug' enabled.
2026-02-06T11:00:50.523Z ERROR 116302 --- [FallApp] [           main] o.s.b.d.LoggingFailureAnalysisReporter   : 

***************************
APPLICATION FAILED TO START
***************************

Description:

Web server failed to start. Port 8080 was already in use.

Action:

Identify and stop the process that's listening on port 8080 or configure this application to listen on another port.

